<?xml version="1.0" encoding="utf-8"?><testsuites name="pytest tests"><testsuite name="pytest" errors="0" failures="0" skipped="0" tests="8" time="1.271" timestamp="2026-05-04T10:55:53.277482+00:00" hostname="agent-env-a6522686-f800-45e0-acd7-ed01d9df0901"><testcase classname="backend.tests.test_divr_marketing.TestHealth" name="test_root_health" time="0.186" /><testcase classname="backend.tests.test_divr_marketing.TestWaitlist" name="test_create_and_list_waitlist" time="0.182" /><testcase classname="backend.tests.test_divr_marketing.TestWaitlist" name="test_waitlist_validation_bad_region" time="0.142" /><testcase classname="backend.tests.test_divr_marketing.TestWaitlist" name="test_waitlist_validation_bad_email" time="0.102" /><testcase classname="backend.tests.test_divr_marketing.TestOperators" name="test_create_and_list_operator" time="0.220" /><testcase classname="backend.tests.test_divr_marketing.TestOperators" name="test_operator_validation_bad_volume" time="0.110" /><testcase classname="backend.tests.test_divr_marketing.TestGuides" name="test_create_and_list_guide" time="0.158" /><testcase classname="backend.tests.test_divr_marketing.TestGuides" name="test_guide_validation_bad_specialty" time="0.138" /></testsuite></testsuites>